0 info it worked if it ends with ok
1 verbose cli [ '/usr/bin/node',
1 verbose cli   '/usr/bin/npm',
1 verbose cli   'install',
1 verbose cli   '@babel/core',
1 verbose cli   'babel/cli',
1 verbose cli   '@babel/node',
1 verbose cli   '@babel/preset-env' ]
2 info using npm@3.5.2
3 info using node@v8.10.0
4 silly loadCurrentTree Starting
5 silly install loadCurrentTree
6 silly install readLocalPackageData
7 silly fetchPackageMetaData @babel/core
8 silly fetchPackageMetaData babel/cli
9 silly fetchPackageMetaData @babel/node
10 silly fetchPackageMetaData @babel/preset-env
11 silly fetchNamedPackageData @babel/core
12 silly mapToRegistry name @babel/core
13 silly mapToRegistry scope (from package name) @babel
14 verbose mapToRegistry no registry URL found in name for scope @babel
15 silly mapToRegistry using default registry
16 silly mapToRegistry registry https://registry.npmjs.org/
17 silly mapToRegistry uri https://registry.npmjs.org/@babel%2fcore
18 silly fetchOtherPackageData babel/cli
19 silly cache add args [ 'babel/cli', null ]
20 verbose cache add spec babel/cli
21 silly fetchNamedPackageData @babel/node
22 silly mapToRegistry name @babel/node
23 silly mapToRegistry scope (from package name) @babel
24 verbose mapToRegistry no registry URL found in name for scope @babel
25 silly mapToRegistry using default registry
26 silly mapToRegistry registry https://registry.npmjs.org/
27 silly mapToRegistry uri https://registry.npmjs.org/@babel%2fnode
28 silly fetchNamedPackageData @babel/preset-env
29 silly mapToRegistry name @babel/preset-env
30 silly mapToRegistry scope (from package name) @babel
31 verbose mapToRegistry no registry URL found in name for scope @babel
32 silly mapToRegistry using default registry
33 silly mapToRegistry registry https://registry.npmjs.org/
34 silly mapToRegistry uri https://registry.npmjs.org/@babel%2fpreset-env
35 silly cache add parsed spec Result {
35 silly cache add   raw: 'babel/cli',
35 silly cache add   scope: null,
35 silly cache add   name: null,
35 silly cache add   rawSpec: 'babel/cli',
35 silly cache add   spec: 'github:babel/cli',
35 silly cache add   type: 'hosted',
35 silly cache add   hosted:
35 silly cache add    { type: 'github',
35 silly cache add      ssh: 'git@github.com:babel/cli.git',
35 silly cache add      sshUrl: 'git+ssh://git@github.com/babel/cli.git',
35 silly cache add      httpsUrl: 'git+https://github.com/babel/cli.git',
35 silly cache add      gitUrl: 'git://github.com/babel/cli.git',
35 silly cache add      shortcut: 'github:babel/cli',
35 silly cache add      directUrl: 'https://raw.githubusercontent.com/babel/cli/master/package.json' } }
36 verbose addRemoteGit caching babel/cli
37 verbose addRemoteGit babel/cli is a repository hosted by github
38 silly tryGitProto attempting to clone git://github.com/babel/cli.git
39 silly tryClone cloning babel/cli via git://github.com/babel/cli.git
40 verbose tryClone git-github-com-babel-cli-git-82015236 not in flight; caching
41 verbose request uri https://registry.npmjs.org/@babel%2fcore
42 verbose request no auth needed
43 info attempt registry request try #1 at 1:05:22 PM
44 verbose request id 45d3eb44041f54be
45 verbose etag W/"f06e8e4c5bfcfe220a2f6bbe7a31e030"
46 verbose lastModified Fri, 15 Feb 2019 21:14:59 GMT
47 http request GET https://registry.npmjs.org/@babel%2fcore
48 verbose request uri https://registry.npmjs.org/@babel%2fnode
49 verbose request no auth needed
50 info attempt registry request try #1 at 1:05:22 PM
51 verbose etag W/"761183d6e2706bbaf74ead6ec4e7c0f3"
52 verbose lastModified Fri, 28 Dec 2018 20:15:32 GMT
53 http request GET https://registry.npmjs.org/@babel%2fnode
54 verbose request uri https://registry.npmjs.org/@babel%2fpreset-env
55 verbose request no auth needed
56 info attempt registry request try #1 at 1:05:22 PM
57 verbose etag W/"af59d1c6ed83a9e0d519ff6c449d2741"
58 verbose lastModified Tue, 22 Jan 2019 07:14:09 GMT
59 http request GET https://registry.npmjs.org/@babel%2fpreset-env
60 info git [ 'config', '--get', 'remote.origin.url' ]
61 warn addRemoteGit Error: Command failed: git config --get remote.origin.url
61 warn addRemoteGit
61 warn addRemoteGit     at ChildProcess.exithandler (child_process.js:275:12)
61 warn addRemoteGit     at emitTwo (events.js:126:13)
61 warn addRemoteGit     at ChildProcess.emit (events.js:214:7)
61 warn addRemoteGit     at maybeClose (internal/child_process.js:925:16)
61 warn addRemoteGit     at Socket.stream.socket.on (internal/child_process.js:346:11)
61 warn addRemoteGit     at emitOne (events.js:116:13)
61 warn addRemoteGit     at Socket.emit (events.js:211:7)
61 warn addRemoteGit     at Pipe._handle.close [as _onclose] (net.js:567:12)
61 warn addRemoteGit  babel/cli resetting remote /home/joladubu/.npm/_git-remotes/git-github-com-babel-cli-git-82015236 because of error: { Error: Command failed: git config --get remote.origin.url
61 warn addRemoteGit
61 warn addRemoteGit     at ChildProcess.exithandler (child_process.js:275:12)
61 warn addRemoteGit     at emitTwo (events.js:126:13)
61 warn addRemoteGit     at ChildProcess.emit (events.js:214:7)
61 warn addRemoteGit     at maybeClose (internal/child_process.js:925:16)
61 warn addRemoteGit     at Socket.stream.socket.on (internal/child_process.js:346:11)
61 warn addRemoteGit     at emitOne (events.js:116:13)
61 warn addRemoteGit     at Socket.emit (events.js:211:7)
61 warn addRemoteGit     at Pipe._handle.close [as _onclose] (net.js:567:12)
61 warn addRemoteGit   killed: false,
61 warn addRemoteGit   code: 1,
61 warn addRemoteGit   signal: null,
61 warn addRemoteGit   cmd: 'git config --get remote.origin.url' }
62 info resetRemote resetting /home/joladubu/.npm/_git-remotes/git-github-com-babel-cli-git-82015236 for babel/cli
63 silly gentlyRm /home/joladubu/.npm/_git-remotes/git-github-com-babel-cli-git-82015236 is being purged
64 verbose gentlyRm don't care about contents; nuking /home/joladubu/.npm/_git-remotes/git-github-com-babel-cli-git-82015236
65 silly vacuum-fs purging /home/joladubu/.npm/_git-remotes/git-github-com-babel-cli-git-82015236
66 silly vacuum-fs quitting because other entries in /home/joladubu/.npm/_git-remotes
67 info git [ 'clone',
67 info git   '--template=/home/joladubu/.npm/_git-remotes/_templates',
67 info git   '--mirror',
67 info git   'git://github.com/babel/cli.git',
67 info git   '/home/joladubu/.npm/_git-remotes/git-github-com-babel-cli-git-82015236' ]
68 error git clone --template=/home/joladubu/.npm/_git-remotes/_templates --mirror git://github.com/babel/cli.git /home/joladubu/.npm/_git-remotes/git-github-com-babel-cli-git-82015236: Cloning into bare repository '/home/joladubu/.npm/_git-remotes/git-github-com-babel-cli-git-82015236'...
68 error git clone --template=/home/joladubu/.npm/_git-remotes/_templates --mirror git://github.com/babel/cli.git /home/joladubu/.npm/_git-remotes/git-github-com-babel-cli-git-82015236: fatal: remote error:
68 error git clone --template=/home/joladubu/.npm/_git-remotes/_templates --mirror git://github.com/babel/cli.git /home/joladubu/.npm/_git-remotes/git-github-com-babel-cli-git-82015236:   Repository not found.
69 silly tryHTTPS attempting to clone git+https://github.com/babel/cli.git
70 silly tryClone cloning babel/cli via git+https://github.com/babel/cli.git
71 verbose tryClone git-https-github-com-babel-cli-git-f52d1c81 not in flight; caching
72 info git [ 'config', '--get', 'remote.origin.url' ]
73 warn addRemoteGit Error: Command failed: git config --get remote.origin.url
73 warn addRemoteGit
73 warn addRemoteGit     at ChildProcess.exithandler (child_process.js:275:12)
73 warn addRemoteGit     at emitTwo (events.js:126:13)
73 warn addRemoteGit     at ChildProcess.emit (events.js:214:7)
73 warn addRemoteGit     at maybeClose (internal/child_process.js:925:16)
73 warn addRemoteGit     at Socket.stream.socket.on (internal/child_process.js:346:11)
73 warn addRemoteGit     at emitOne (events.js:116:13)
73 warn addRemoteGit     at Socket.emit (events.js:211:7)
73 warn addRemoteGit     at Pipe._handle.close [as _onclose] (net.js:567:12)
73 warn addRemoteGit  babel/cli resetting remote /home/joladubu/.npm/_git-remotes/git-https-github-com-babel-cli-git-f52d1c81 because of error: { Error: Command failed: git config --get remote.origin.url
73 warn addRemoteGit
73 warn addRemoteGit     at ChildProcess.exithandler (child_process.js:275:12)
73 warn addRemoteGit     at emitTwo (events.js:126:13)
73 warn addRemoteGit     at ChildProcess.emit (events.js:214:7)
73 warn addRemoteGit     at maybeClose (internal/child_process.js:925:16)
73 warn addRemoteGit     at Socket.stream.socket.on (internal/child_process.js:346:11)
73 warn addRemoteGit     at emitOne (events.js:116:13)
73 warn addRemoteGit     at Socket.emit (events.js:211:7)
73 warn addRemoteGit     at Pipe._handle.close [as _onclose] (net.js:567:12)
73 warn addRemoteGit   killed: false,
73 warn addRemoteGit   code: 1,
73 warn addRemoteGit   signal: null,
73 warn addRemoteGit   cmd: 'git config --get remote.origin.url' }
74 info resetRemote resetting /home/joladubu/.npm/_git-remotes/git-https-github-com-babel-cli-git-f52d1c81 for babel/cli
75 silly gentlyRm /home/joladubu/.npm/_git-remotes/git-https-github-com-babel-cli-git-f52d1c81 is being purged
76 verbose gentlyRm don't care about contents; nuking /home/joladubu/.npm/_git-remotes/git-https-github-com-babel-cli-git-f52d1c81
77 silly vacuum-fs purging /home/joladubu/.npm/_git-remotes/git-https-github-com-babel-cli-git-f52d1c81
78 silly vacuum-fs quitting because other entries in /home/joladubu/.npm/_git-remotes
79 info git [ 'clone',
79 info git   '--template=/home/joladubu/.npm/_git-remotes/_templates',
79 info git   '--mirror',
79 info git   'https://github.com/babel/cli.git',
79 info git   '/home/joladubu/.npm/_git-remotes/git-https-github-com-babel-cli-git-f52d1c81' ]
80 http 304 https://registry.npmjs.org/@babel%2fcore
81 verbose headers { date: 'Sun, 17 Feb 2019 12:05:27 GMT',
81 verbose headers   connection: 'keep-alive',
81 verbose headers   'set-cookie':
81 verbose headers    [ '__cfduid=d3fffec12b7ecc56e9f7068a11ed7fcf71550405127; expires=Mon, 17-Feb-20 12:05:27 GMT; path=/; domain=.registry.npmjs.org; HttpOnly' ],
81 verbose headers   'cf-cache-status': 'HIT',
81 verbose headers   'cache-control': 'public, max-age=300',
81 verbose headers   'cf-ray': '4aa81f4f8c8fc4fe-LOS',
81 verbose headers   etag: '"f06e8e4c5bfcfe220a2f6bbe7a31e030"',
81 verbose headers   'expect-ct': 'max-age=604800, report-uri="https://report-uri.cloudflare.com/cdn-cgi/beacon/expect-ct"',
81 verbose headers   'last-modified': 'Fri, 15 Feb 2019 21:14:59 GMT',
81 verbose headers   vary: 'Accept-Encoding',
81 verbose headers   'x-amz-meta-rev': '79-45485960181fe06e2d8caea0ff165dc6',
81 verbose headers   server: 'cloudflare' }
82 silly get cb [ 304,
82 silly get   { date: 'Sun, 17 Feb 2019 12:05:27 GMT',
82 silly get     connection: 'keep-alive',
82 silly get     'set-cookie':
82 silly get      [ '__cfduid=d3fffec12b7ecc56e9f7068a11ed7fcf71550405127; expires=Mon, 17-Feb-20 12:05:27 GMT; path=/; domain=.registry.npmjs.org; HttpOnly' ],
82 silly get     'cf-cache-status': 'HIT',
82 silly get     'cache-control': 'public, max-age=300',
82 silly get     'cf-ray': '4aa81f4f8c8fc4fe-LOS',
82 silly get     etag: '"f06e8e4c5bfcfe220a2f6bbe7a31e030"',
82 silly get     'expect-ct': 'max-age=604800, report-uri="https://report-uri.cloudflare.com/cdn-cgi/beacon/expect-ct"',
82 silly get     'last-modified': 'Fri, 15 Feb 2019 21:14:59 GMT',
82 silly get     vary: 'Accept-Encoding',
82 silly get     'x-amz-meta-rev': '79-45485960181fe06e2d8caea0ff165dc6',
82 silly get     server: 'cloudflare' } ]
83 verbose etag https://registry.npmjs.org/@babel%2fcore from cache
84 verbose get saving @babel/core to /home/joladubu/.npm/registry.npmjs.org/_40babel_252fcore/.cache.json
85 http 304 https://registry.npmjs.org/@babel%2fpreset-env
86 verbose headers { date: 'Sun, 17 Feb 2019 12:05:27 GMT',
86 verbose headers   connection: 'keep-alive',
86 verbose headers   'set-cookie':
86 verbose headers    [ '__cfduid=d0020a0ad90daa0afe2cc20da128ffca11550405127; expires=Mon, 17-Feb-20 12:05:27 GMT; path=/; domain=.registry.npmjs.org; HttpOnly' ],
86 verbose headers   'cf-cache-status': 'HIT',
86 verbose headers   'cache-control': 'public, max-age=300',
86 verbose headers   'cf-ray': '4aa81f506e74c4ea-LOS',
86 verbose headers   etag: '"af59d1c6ed83a9e0d519ff6c449d2741"',
86 verbose headers   'expect-ct': 'max-age=604800, report-uri="https://report-uri.cloudflare.com/cdn-cgi/beacon/expect-ct"',
86 verbose headers   'last-modified': 'Tue, 22 Jan 2019 07:14:09 GMT',
86 verbose headers   vary: 'Accept-Encoding',
86 verbose headers   'x-amz-meta-rev': '72-9bb11c5e0c2056a6a00c7b9e015fbbab',
86 verbose headers   server: 'cloudflare' }
87 silly get cb [ 304,
87 silly get   { date: 'Sun, 17 Feb 2019 12:05:27 GMT',
87 silly get     connection: 'keep-alive',
87 silly get     'set-cookie':
87 silly get      [ '__cfduid=d0020a0ad90daa0afe2cc20da128ffca11550405127; expires=Mon, 17-Feb-20 12:05:27 GMT; path=/; domain=.registry.npmjs.org; HttpOnly' ],
87 silly get     'cf-cache-status': 'HIT',
87 silly get     'cache-control': 'public, max-age=300',
87 silly get     'cf-ray': '4aa81f506e74c4ea-LOS',
87 silly get     etag: '"af59d1c6ed83a9e0d519ff6c449d2741"',
87 silly get     'expect-ct': 'max-age=604800, report-uri="https://report-uri.cloudflare.com/cdn-cgi/beacon/expect-ct"',
87 silly get     'last-modified': 'Tue, 22 Jan 2019 07:14:09 GMT',
87 silly get     vary: 'Accept-Encoding',
87 silly get     'x-amz-meta-rev': '72-9bb11c5e0c2056a6a00c7b9e015fbbab',
87 silly get     server: 'cloudflare' } ]
88 verbose etag https://registry.npmjs.org/@babel%2fpreset-env from cache
89 verbose get saving @babel/preset-env to /home/joladubu/.npm/registry.npmjs.org/_40babel_252fpreset-env/.cache.json
90 http 304 https://registry.npmjs.org/@babel%2fnode
91 verbose headers { date: 'Sun, 17 Feb 2019 12:05:29 GMT',
91 verbose headers   connection: 'keep-alive',
91 verbose headers   'set-cookie':
91 verbose headers    [ '__cfduid=daa7b800fc6b3e7a7464f9155a2b638361550405129; expires=Mon, 17-Feb-20 12:05:29 GMT; path=/; domain=.registry.npmjs.org; HttpOnly' ],
91 verbose headers   'cf-cache-status': 'HIT',
91 verbose headers   'cache-control': 'public, max-age=300',
91 verbose headers   'cf-ray': '4aa81f5dbebbc4f6-LOS',
91 verbose headers   etag: '"761183d6e2706bbaf74ead6ec4e7c0f3"',
91 verbose headers   'expect-ct': 'max-age=604800, report-uri="https://report-uri.cloudflare.com/cdn-cgi/beacon/expect-ct"',
91 verbose headers   'last-modified': 'Fri, 28 Dec 2018 20:15:32 GMT',
91 verbose headers   vary: 'Accept-Encoding',
91 verbose headers   'x-amz-meta-rev': '63-16f3b3ec05e16578b751db7d1f8ca09e',
91 verbose headers   server: 'cloudflare' }
92 silly get cb [ 304,
92 silly get   { date: 'Sun, 17 Feb 2019 12:05:29 GMT',
92 silly get     connection: 'keep-alive',
92 silly get     'set-cookie':
92 silly get      [ '__cfduid=daa7b800fc6b3e7a7464f9155a2b638361550405129; expires=Mon, 17-Feb-20 12:05:29 GMT; path=/; domain=.registry.npmjs.org; HttpOnly' ],
92 silly get     'cf-cache-status': 'HIT',
92 silly get     'cache-control': 'public, max-age=300',
92 silly get     'cf-ray': '4aa81f5dbebbc4f6-LOS',
92 silly get     etag: '"761183d6e2706bbaf74ead6ec4e7c0f3"',
92 silly get     'expect-ct': 'max-age=604800, report-uri="https://report-uri.cloudflare.com/cdn-cgi/beacon/expect-ct"',
92 silly get     'last-modified': 'Fri, 28 Dec 2018 20:15:32 GMT',
92 silly get     vary: 'Accept-Encoding',
92 silly get     'x-amz-meta-rev': '63-16f3b3ec05e16578b751db7d1f8ca09e',
92 silly get     server: 'cloudflare' } ]
93 verbose etag https://registry.npmjs.org/@babel%2fnode from cache
94 verbose get saving @babel/node to /home/joladubu/.npm/registry.npmjs.org/_40babel_252fnode/.cache.json
95 error git clone --template=/home/joladubu/.npm/_git-remotes/_templates --mirror https://github.com/babel/cli.git /home/joladubu/.npm/_git-remotes/git-https-github-com-babel-cli-git-f52d1c81: Cloning into bare repository '/home/joladubu/.npm/_git-remotes/git-https-github-com-babel-cli-git-f52d1c81'...
95 error git clone --template=/home/joladubu/.npm/_git-remotes/_templates --mirror https://github.com/babel/cli.git /home/joladubu/.npm/_git-remotes/git-https-github-com-babel-cli-git-f52d1c81: remote: Invalid username or password.
95 error git clone --template=/home/joladubu/.npm/_git-remotes/_templates --mirror https://github.com/babel/cli.git /home/joladubu/.npm/_git-remotes/git-https-github-com-babel-cli-git-f52d1c81: fatal: Authentication failed for 'https://github.com/babel/cli.git/'
96 silly trySSH attempting to clone git@github.com:babel/cli.git
97 silly tryClone cloning babel/cli via git@github.com:babel/cli.git
98 verbose tryClone git-github-com-babel-cli-git-f2296378 not in flight; caching
99 info git [ 'config', '--get', 'remote.origin.url' ]
100 warn addRemoteGit Error: Command failed: git config --get remote.origin.url
100 warn addRemoteGit
100 warn addRemoteGit     at ChildProcess.exithandler (child_process.js:275:12)
100 warn addRemoteGit     at emitTwo (events.js:126:13)
100 warn addRemoteGit     at ChildProcess.emit (events.js:214:7)
100 warn addRemoteGit     at maybeClose (internal/child_process.js:925:16)
100 warn addRemoteGit     at Process.ChildProcess._handle.onexit (internal/child_process.js:209:5)
100 warn addRemoteGit  babel/cli resetting remote /home/joladubu/.npm/_git-remotes/git-github-com-babel-cli-git-f2296378 because of error: { Error: Command failed: git config --get remote.origin.url
100 warn addRemoteGit
100 warn addRemoteGit     at ChildProcess.exithandler (child_process.js:275:12)
100 warn addRemoteGit     at emitTwo (events.js:126:13)
100 warn addRemoteGit     at ChildProcess.emit (events.js:214:7)
100 warn addRemoteGit     at maybeClose (internal/child_process.js:925:16)
100 warn addRemoteGit     at Process.ChildProcess._handle.onexit (internal/child_process.js:209:5)
100 warn addRemoteGit   killed: false,
100 warn addRemoteGit   code: 1,
100 warn addRemoteGit   signal: null,
100 warn addRemoteGit   cmd: 'git config --get remote.origin.url' }
101 info resetRemote resetting /home/joladubu/.npm/_git-remotes/git-github-com-babel-cli-git-f2296378 for babel/cli
102 silly gentlyRm /home/joladubu/.npm/_git-remotes/git-github-com-babel-cli-git-f2296378 is being purged
103 verbose gentlyRm don't care about contents; nuking /home/joladubu/.npm/_git-remotes/git-github-com-babel-cli-git-f2296378
104 silly vacuum-fs purging /home/joladubu/.npm/_git-remotes/git-github-com-babel-cli-git-f2296378
105 silly vacuum-fs quitting because other entries in /home/joladubu/.npm/_git-remotes
106 info git [ 'clone',
106 info git   '--template=/home/joladubu/.npm/_git-remotes/_templates',
106 info git   '--mirror',
106 info git   'git@github.com:babel/cli.git',
106 info git   '/home/joladubu/.npm/_git-remotes/git-github-com-babel-cli-git-f2296378' ]
107 error git clone --template=/home/joladubu/.npm/_git-remotes/_templates --mirror git@github.com:babel/cli.git /home/joladubu/.npm/_git-remotes/git-github-com-babel-cli-git-f2296378: Cloning into bare repository '/home/joladubu/.npm/_git-remotes/git-github-com-babel-cli-git-f2296378'...
107 error git clone --template=/home/joladubu/.npm/_git-remotes/_templates --mirror git@github.com:babel/cli.git /home/joladubu/.npm/_git-remotes/git-github-com-babel-cli-git-f2296378: git@github.com: Permission denied (publickey).
107 error git clone --template=/home/joladubu/.npm/_git-remotes/_templates --mirror git@github.com:babel/cli.git /home/joladubu/.npm/_git-remotes/git-github-com-babel-cli-git-f2296378: fatal: Could not read from remote repository.
107 error git clone --template=/home/joladubu/.npm/_git-remotes/_templates --mirror git@github.com:babel/cli.git /home/joladubu/.npm/_git-remotes/git-github-com-babel-cli-git-f2296378:
107 error git clone --template=/home/joladubu/.npm/_git-remotes/_templates --mirror git@github.com:babel/cli.git /home/joladubu/.npm/_git-remotes/git-github-com-babel-cli-git-f2296378: Please make sure you have the correct access rights
107 error git clone --template=/home/joladubu/.npm/_git-remotes/_templates --mirror git@github.com:babel/cli.git /home/joladubu/.npm/_git-remotes/git-github-com-babel-cli-git-f2296378: and the repository exists.
108 silly fetchPackageMetaData Error: Command failed: git clone --template=/home/joladubu/.npm/_git-remotes/_templates --mirror git@github.com:babel/cli.git /home/joladubu/.npm/_git-remotes/git-github-com-babel-cli-git-f2296378
108 silly fetchPackageMetaData Cloning into bare repository '/home/joladubu/.npm/_git-remotes/git-github-com-babel-cli-git-f2296378'...
108 silly fetchPackageMetaData git@github.com: Permission denied (publickey).
108 silly fetchPackageMetaData fatal: Could not read from remote repository.
108 silly fetchPackageMetaData
108 silly fetchPackageMetaData Please make sure you have the correct access rights
108 silly fetchPackageMetaData and the repository exists.
108 silly fetchPackageMetaData
108 silly fetchPackageMetaData     at ChildProcess.exithandler (child_process.js:275:12)
108 silly fetchPackageMetaData     at emitTwo (events.js:126:13)
108 silly fetchPackageMetaData     at ChildProcess.emit (events.js:214:7)
108 silly fetchPackageMetaData     at maybeClose (internal/child_process.js:925:16)
108 silly fetchPackageMetaData     at Process.ChildProcess._handle.onexit (internal/child_process.js:209:5)
108 silly fetchPackageMetaData  error for babel/cli { Error: Command failed: git clone --template=/home/joladubu/.npm/_git-remotes/_templates --mirror git@github.com:babel/cli.git /home/joladubu/.npm/_git-remotes/git-github-com-babel-cli-git-f2296378
108 silly fetchPackageMetaData Cloning into bare repository '/home/joladubu/.npm/_git-remotes/git-github-com-babel-cli-git-f2296378'...
108 silly fetchPackageMetaData git@github.com: Permission denied (publickey).
108 silly fetchPackageMetaData fatal: Could not read from remote repository.
108 silly fetchPackageMetaData
108 silly fetchPackageMetaData Please make sure you have the correct access rights
108 silly fetchPackageMetaData and the repository exists.
108 silly fetchPackageMetaData
108 silly fetchPackageMetaData     at ChildProcess.exithandler (child_process.js:275:12)
108 silly fetchPackageMetaData     at emitTwo (events.js:126:13)
108 silly fetchPackageMetaData     at ChildProcess.emit (events.js:214:7)
108 silly fetchPackageMetaData     at maybeClose (internal/child_process.js:925:16)
108 silly fetchPackageMetaData     at Process.ChildProcess._handle.onexit (internal/child_process.js:209:5)
108 silly fetchPackageMetaData   killed: false,
108 silly fetchPackageMetaData   code: 128,
108 silly fetchPackageMetaData   signal: null,
108 silly fetchPackageMetaData   cmd: 'git clone --template=/home/joladubu/.npm/_git-remotes/_templates --mirror git@github.com:babel/cli.git /home/joladubu/.npm/_git-remotes/git-github-com-babel-cli-git-f2296378' }
109 silly rollbackFailedOptional Starting
110 silly rollbackFailedOptional Finishing
111 silly runTopLevelLifecycles Starting
112 silly runTopLevelLifecycles Finishing
113 silly install printInstalled
114 verbose stack Error: Command failed: git clone --template=/home/joladubu/.npm/_git-remotes/_templates --mirror git@github.com:babel/cli.git /home/joladubu/.npm/_git-remotes/git-github-com-babel-cli-git-f2296378
114 verbose stack Cloning into bare repository '/home/joladubu/.npm/_git-remotes/git-github-com-babel-cli-git-f2296378'...
114 verbose stack git@github.com: Permission denied (publickey).
114 verbose stack fatal: Could not read from remote repository.
114 verbose stack
114 verbose stack Please make sure you have the correct access rights
114 verbose stack and the repository exists.
114 verbose stack
114 verbose stack     at ChildProcess.exithandler (child_process.js:275:12)
114 verbose stack     at emitTwo (events.js:126:13)
114 verbose stack     at ChildProcess.emit (events.js:214:7)
114 verbose stack     at maybeClose (internal/child_process.js:925:16)
114 verbose stack     at Process.ChildProcess._handle.onexit (internal/child_process.js:209:5)
115 verbose cwd /home/joladubu/Documents/myProjects/alc/api
116 error Linux 4.15.0-45-generic
117 error argv "/usr/bin/node" "/usr/bin/npm" "install" "@babel/core" "babel/cli" "@babel/node" "@babel/preset-env"
118 error node v8.10.0
119 error npm  v3.5.2
120 error code 128
121 error Command failed: git clone --template=/home/joladubu/.npm/_git-remotes/_templates --mirror git@github.com:babel/cli.git /home/joladubu/.npm/_git-remotes/git-github-com-babel-cli-git-f2296378
121 error Cloning into bare repository '/home/joladubu/.npm/_git-remotes/git-github-com-babel-cli-git-f2296378'...
121 error git@github.com: Permission denied (publickey).
121 error fatal: Could not read from remote repository.
121 error
121 error Please make sure you have the correct access rights
121 error and the repository exists.
122 error If you need help, you may report this error at:
122 error     <https://github.com/npm/npm/issues>
123 verbose exit [ 1, true ]
